This file contains any messages produced by compilers while
running configure, to aid debugging if configure makes a mistake.

It was created by jody configure 1.0.0, which was
generated by GNU Autoconf 2.59.  Invocation command line was

  $ ./configure 

## --------- ##
## Platform. ##
## --------- ##

hostname = wheelhouse
uname -m = i686
uname -r = 2.4.23
uname -s = Linux
uname -v = #1 Sun Nov 30 09:52:37 EST 2003

/usr/bin/uname -p = unknown
/bin/uname -X     = unknown

/bin/arch              = i686
/usr/bin/arch -k       = unknown
/usr/convex/getsysinfo = unknown
hostinfo               = unknown
/bin/machine           = unknown
/usr/bin/oslevel       = unknown
/bin/universe          = unknown

PATH: /usr/local/bin
PATH: /usr/bin
PATH: /bin
PATH: /usr/bin/X11
PATH: /usr/games


## ----------- ##
## Core tests. ##
## ----------- ##

configure:1318: checking for a BSD-compatible install
configure:1373: result: /usr/bin/install -c
configure:1384: checking whether build environment is sane
configure:1427: result: yes
configure:1460: checking for gawk
configure:1476: found /usr/bin/gawk
configure:1486: result: gawk
configure:1496: checking whether make sets $(MAKE)
configure:1516: result: yes
configure:1727: checking for gcc
configure:1743: found /usr/bin/gcc
configure:1753: result: gcc
configure:1997: checking for C compiler version
configure:2000: gcc --version </dev/null >&5
gcc (GCC) 3.3.3 (Debian 20040306)
Copyright (C) 2003 Free Software Foundation, Inc.
This is free software; see the source for copying conditions.  There is NO
warranty; not even for MERCHANTABILITY or FITNESS FOR A PARTICULAR PURPOSE.

configure:2003: $? = 0
configure:2005: gcc -v </dev/null >&5
Reading specs from /usr/lib/gcc-lib/i486-linux/3.3.3/specs
Configured with: ../src/configure -v --enable-languages=c,c++,java,f77,pascal,objc,ada,treelang --prefix=/usr --mandir=/usr/share/man --infodir=/usr/share/info --with-gxx-include-dir=/usr/include/c++/3.3 --enable-shared --with-system-zlib --enable-nls --without-included-gettext --enable-__cxa_atexit --enable-clocale=gnu --enable-debug --enable-java-gc=boehm --enable-java-awt=xlib --enable-objc-gc i486-linux
Thread model: posix
gcc version 3.3.3 (Debian 20040306)
configure:2008: $? = 0
configure:2010: gcc -V </dev/null >&5
gcc: `-V' option must have argument
configure:2013: $? = 1
configure:2036: checking for C compiler default output file name
configure:2039: gcc    conftest.c  >&5
configure:2042: $? = 0
configure:2088: result: a.out
configure:2093: checking whether the C compiler works
configure:2099: ./a.out
configure:2102: $? = 0
configure:2119: result: yes
configure:2126: checking whether we are cross compiling
configure:2128: result: no
configure:2131: checking for suffix of executables
configure:2133: gcc -o conftest    conftest.c  >&5
configure:2136: $? = 0
configure:2161: result: 
configure:2167: checking for suffix of object files
configure:2188: gcc -c   conftest.c >&5
configure:2191: $? = 0
configure:2213: result: o
configure:2217: checking whether we are using the GNU C compiler
configure:2241: gcc -c   conftest.c >&5
configure:2247: $? = 0
configure:2250: test -z 			 || test ! -s conftest.err
configure:2253: $? = 0
configure:2256: test -s conftest.o
configure:2259: $? = 0
configure:2272: result: yes
configure:2278: checking whether gcc accepts -g
configure:2299: gcc -c -g  conftest.c >&5
configure:2305: $? = 0
configure:2308: test -z 			 || test ! -s conftest.err
configure:2311: $? = 0
configure:2314: test -s conftest.o
configure:2317: $? = 0
configure:2328: result: yes
configure:2345: checking for gcc option to accept ANSI C
configure:2415: gcc  -c -g -O2  conftest.c >&5
configure:2421: $? = 0
configure:2424: test -z 			 || test ! -s conftest.err
configure:2427: $? = 0
configure:2430: test -s conftest.o
configure:2433: $? = 0
configure:2451: result: none needed
configure:2469: gcc -c -g -O2  conftest.c >&5
conftest.c:2: error: parse error before "me"
configure:2475: $? = 1
configure: failed program was:
| #ifndef __cplusplus
|   choke me
| #endif
configure:2616: checking for style of include used by make
configure:2644: result: GNU
configure:2672: checking dependency style of gcc
configure:2755: result: gcc3
configure:2772: checking whether make sets $(MAKE)
configure:2792: result: yes
configure:2843: checking for sdl-config
configure:2861: found /usr/bin/sdl-config
configure:2874: result: /usr/bin/sdl-config
configure:2882: checking for SDL - version >= 1.2.0
configure:2972: gcc -o conftest -g -O2 -I/usr/include/SDL -D_REENTRANT   conftest.c  -lSDL -lpthread >&5
configure:2975: $? = 0
configure:2977: ./conftest
configure:2980: $? = 0
configure:2998: result: yes
configure:3100: checking for qt_null in -lqthreads
configure:3130: gcc -o conftest -g -O2    conftest.c -lqthreads   >&5
configure:3136: $? = 0
configure:3139: test -z 			 || test ! -s conftest.err
configure:3142: $? = 0
configure:3145: test -s conftest
configure:3148: $? = 0
configure:3161: result: yes
configure:3241: checking for main in -ltermcap
configure:3265: gcc -o conftest -g -O2    conftest.c -ltermcap   >&5
configure:3271: $? = 0
configure:3274: test -z 			 || test ! -s conftest.err
configure:3277: $? = 0
configure:3280: test -s conftest
configure:3283: $? = 0
configure:3296: result: yes
configure:3302: checking for main in -lreadline
configure:3326: gcc -o conftest -g -O2    conftest.c -lreadline -ltermcap  >&5
configure:3332: $? = 0
configure:3335: test -z 			 || test ! -s conftest.err
configure:3338: $? = 0
configure:3341: test -s conftest
configure:3344: $? = 0
configure:3357: result: yes
configure:3375: checking for guile-config
configure:3391: found /usr/bin/guile-config
configure:3402: result: yes
configure:3411: checking whether guile-config works
configure:3417: result: yes
configure:3477: checking for sin in -lm
configure:3507: gcc -o conftest -g -O2    conftest.c -lm   >&5
conftest.c:18: warning: conflicting types for built-in function `sin'
configure:3513: $? = 0
configure:3516: test -z 			 || test ! -s conftest.err
configure:3519: $? = 0
configure:3522: test -s conftest
configure:3525: $? = 0
configure:3538: result: yes
configure:3551: checking for guile libraries
configure:3554: result: -lguile -lguile-ltdl -lqthreads -lpthread -lcrypt -lm
configure:3556: checking for guile headers
configure:3559: result: 
configure:3903: checking whether guile works
configure:3927: gcc -o conftest -g -O2     conftest.c -lm  -lguile -lguile-ltdl -lqthreads -lpthread -lcrypt -lm >&5
configure:3933: $? = 0
configure:3936: test -z 			 || test ! -s conftest.err
configure:3939: $? = 0
configure:3942: test -s conftest
configure:3945: $? = 0
configure:3964: result: yes
configure:4149: creating ./config.status

## ---------------------- ##
## Running config.status. ##
## ---------------------- ##

This file was extended by jody config.status 1.0.0, which was
generated by GNU Autoconf 2.59.  Invocation command line was

  CONFIG_FILES    = 
  CONFIG_HEADERS  = 
  CONFIG_LINKS    = 
  CONFIG_COMMANDS = 
  $ ./config.status 

on wheelhouse

config.status:729: creating Makefile
config.status:729: creating src/Makefile
config.status:729: creating src/img/Makefile
config.status:874: executing depfiles commands

## ---------------- ##
## Cache variables. ##
## ---------------- ##

ac_cv_c_compiler_gnu=yes
ac_cv_env_CC_set=
ac_cv_env_CC_value=
ac_cv_env_CFLAGS_set=
ac_cv_env_CFLAGS_value=
ac_cv_env_CPPFLAGS_set=
ac_cv_env_CPPFLAGS_value=
ac_cv_env_LDFLAGS_set=
ac_cv_env_LDFLAGS_value=
ac_cv_env_build_alias_set=
ac_cv_env_build_alias_value=
ac_cv_env_host_alias_set=
ac_cv_env_host_alias_value=
ac_cv_env_target_alias_set=
ac_cv_env_target_alias_value=
ac_cv_exeext=
ac_cv_guile_found=yes
ac_cv_lib_m_sin=yes
ac_cv_lib_qthreads_qt_null=yes
ac_cv_lib_readline_main=yes
ac_cv_lib_termcap_main=yes
ac_cv_objext=o
ac_cv_path_SDL_CONFIG=/usr/bin/sdl-config
ac_cv_path_install='/usr/bin/install -c'
ac_cv_prog_AWK=gawk
ac_cv_prog_BUILD_GUILE=yes
ac_cv_prog_ac_ct_CC=gcc
ac_cv_prog_cc_g=yes
ac_cv_prog_cc_stdc=
ac_cv_prog_make_make_set=yes
am_cv_CC_dependencies_compiler_type=gcc3

## ----------------- ##
## Output variables. ##
## ----------------- ##

ACLOCAL='${SHELL} /home/jonathan/DEV/games/jody/missing --run aclocal-1.7'
AMDEPBACKSLASH='\'
AMDEP_FALSE='#'
AMDEP_TRUE=''
AMTAR='${SHELL} /home/jonathan/DEV/games/jody/missing --run tar'
AUTOCONF='${SHELL} /home/jonathan/DEV/games/jody/missing --run autoconf'
AUTOHEADER='${SHELL} /home/jonathan/DEV/games/jody/missing --run autoheader'
AUTOMAKE='${SHELL} /home/jonathan/DEV/games/jody/missing --run automake-1.7'
AWK='gawk'
BUILD_GUILE='yes'
CC='gcc'
CCDEPMODE='depmode=gcc3'
CFLAGS='-g -O2'
CPPFLAGS=''
CYGPATH_W='echo'
DEFS='-DPACKAGE_NAME=\"jody\" -DPACKAGE_TARNAME=\"jody\" -DPACKAGE_VERSION=\"1.0.0\" -DPACKAGE_STRING=\"jody\ 1.0.0\" -DPACKAGE_BUGREPORT=\"wheelhouse@pacific.net.au\" -DPACKAGE=\"jody\" -DVERSION=\"1.0.0\" -DHAVE_LIBM=1 -DHAVE_GUILE=1 '
DEPDIR='.deps'
ECHO_C=''
ECHO_N='-n'
ECHO_T=''
EXEEXT=''
GUILE_FALSE='#'
GUILE_INCS=''
GUILE_LIBS='-lguile -lguile-ltdl -lqthreads -lpthread -lcrypt -lm'
GUILE_TRUE=''
IMG_DIR='${datadir}/jody/img'
INSTALL_DATA='${INSTALL} -m 644'
INSTALL_PROGRAM='${INSTALL}'
INSTALL_SCRIPT='${INSTALL}'
INSTALL_STRIP_PROGRAM='${SHELL} $(install_sh) -c -s'
LDFLAGS=''
LIBOBJS=''
LIBS='-lm '
LTLIBOBJS=''
MAKEINFO='${SHELL} /home/jonathan/DEV/games/jody/missing --run makeinfo'
OBJEXT='o'
PACKAGE='jody'
PACKAGE_BUGREPORT='wheelhouse@pacific.net.au'
PACKAGE_NAME='jody'
PACKAGE_STRING='jody 1.0.0'
PACKAGE_TARNAME='jody'
PACKAGE_VERSION='1.0.0'
PATH_SEPARATOR=':'
QTTHREADS_LIB='-lqthreads'
READLINE_LIB='-lreadline'
SDL_CFLAGS='-I/usr/include/SDL -D_REENTRANT'
SDL_CONFIG='/usr/bin/sdl-config'
SDL_LIBS='-lSDL -lpthread'
SET_MAKE=''
SHELL='/bin/sh'
STRIP=''
TERMCAP_LIB='-ltermcap'
VERSION='1.0.0'
ac_ct_CC='gcc'
ac_ct_STRIP=''
am__fastdepCC_FALSE='#'
am__fastdepCC_TRUE=''
am__include='include'
am__leading_dot='.'
am__quote=''
bindir='${exec_prefix}/bin'
build_alias=''
datadir='${prefix}/share'
exec_prefix='${prefix}'
host_alias=''
includedir='${prefix}/include'
infodir='${prefix}/info'
install_sh='/home/jonathan/DEV/games/jody/install-sh'
libdir='${exec_prefix}/lib'
libexecdir='${exec_prefix}/libexec'
localstatedir='${prefix}/var'
mandir='${prefix}/man'
oldincludedir='/usr/include'
prefix='/usr/local'
program_transform_name='s,x,x,'
sbindir='${exec_prefix}/sbin'
sharedstatedir='${prefix}/com'
sysconfdir='${prefix}/etc'
target_alias=''

## ----------- ##
## confdefs.h. ##
## ----------- ##

#define HAVE_GUILE 1
#define HAVE_LIBM 1
#define PACKAGE "jody"
#define PACKAGE_BUGREPORT "wheelhouse@pacific.net.au"
#define PACKAGE_NAME "jody"
#define PACKAGE_STRING "jody 1.0.0"
#define PACKAGE_TARNAME "jody"
#define PACKAGE_VERSION "1.0.0"
#define VERSION "1.0.0"

configure: exit 0
